<?xml version="1.0" encoding="UTF-8"?>
<!-- Generated by org.testng.reporters.JUnitXMLReporter -->
<testsuite ignored="0" hostname="LAPTOP-I6BFM9O1" failures="4" tests="4" name="Test" time="4.262" errors="0" timestamp="2020-05-30T15:48:00 IST">
  <testcase classname="process.Orange" name="Login_to_url" time="0.0">
    <failure type="org.testng.TestNGException" message="
Cannot inject @Test annotated Method [Login_to_url] with [class java.lang.String].
For more information on native dependency injection please refer to http://testng.org/doc/documentation-main.html#native-dependency-injection">
      <![CDATA[org.testng.TestNGException: 
Cannot inject @Test annotated Method [Login_to_url] with [class java.lang.String].
For more information on native dependency injection please refer to http://testng.org/doc/documentation-main.html#native-dependency-injection
at java.base/java.util.ArrayList.forEach(ArrayList.java:1510)
... Removed 26 stack frames]]>
    </failure>
  </testcase> <!-- Login_to_url -->
  <testcase classname="process.Orange" name="click_login" time="0.031">
    <failure type="java.lang.NullPointerException">
      <![CDATA[java.lang.NullPointerException
at process.Orange.click_login(Orange.java:56)
at java.base/java.util.ArrayList.forEach(ArrayList.java:1510)
... Removed 27 stack frames]]>
    </failure>
  </testcase> <!-- click_login -->
  <testcase classname="process.Orange" name="conform_the_login_page" time="4.006">
    <failure type="java.lang.NullPointerException">
      <![CDATA[java.lang.NullPointerException
at process.Orange.conform_the_login_page(Orange.java:70)
at java.base/java.util.ArrayList.forEach(ArrayList.java:1510)
... Removed 27 stack frames]]>
    </failure>
  </testcase> <!-- conform_the_login_page -->
  <testcase classname="process.Orange" name="enter_the_email_and_password" time="0.0">
    <failure type="org.testng.TestNGException" message="
Cannot inject @Test annotated Method [enter_the_email_and_password] with [class io.cucumber.datatable.DataTable].
For more information on native dependency injection please refer to http://testng.org/doc/documentation-main.html#native-dependency-injection">
      <![CDATA[org.testng.TestNGException: 
Cannot inject @Test annotated Method [enter_the_email_and_password] with [class io.cucumber.datatable.DataTable].
For more information on native dependency injection please refer to http://testng.org/doc/documentation-main.html#native-dependency-injection
at java.base/java.util.ArrayList.forEach(ArrayList.java:1510)
... Removed 26 stack frames]]>
    </failure>
  </testcase> <!-- enter_the_email_and_password -->
</testsuite> <!-- Test -->
